build/intermediates/manifest_merge_blame_file/debug/processDebugMainManifest/manifest-merger-blame-debug-report.txt
1<?xml version="1.0" encoding="utf-8"?>
2<manifest xmlns:android="http://schemas.android.com/apk/res/android"
3    package="com.rojama.pianoshelf"
4    android:versionCode="3"
5    android:versionName="2.1.0-online-catalog" >
6    <!--
7        Modernized Manifest:
8        - Elevated minSdk to 21 (Android 5.0 Lollipop) to match Gradle config
9        - Added READ_EXTERNAL_STORAGE explicitly (WRITE implies READ pre-19, but
10          newer Android releases split them)
11        - Android 12+ requires "android:exported" on activities/services that declare
12          intent filters → set exported="true" on the two launchable activities
13        - Declares androidx.core.content.FileProvider to avoid
14          android.os.FileUriExposedException on Android 7+
15    -->
16    <uses-sdk
16-->AndroidManifest.xml:17:5-74
17        android:minSdkVersion="21"
17-->AndroidManifest.xml:17:15-41
18        android:targetSdkVersion="34" />
18-->AndroidManifest.xml:17:42-71
19
20    <uses-permission android:name="android.permission.READ_EXTERNAL_STORAGE" />
20-->AndroidManifest.xml:19:5-80
20-->AndroidManifest.xml:19:22-77
21    <uses-permission
21-->AndroidManifest.xml:20:5-21:38
22        android:name="android.permission.WRITE_EXTERNAL_STORAGE"
22-->AndroidManifest.xml:20:22-78
23        android:maxSdkVersion="32" />
23-->AndroidManifest.xml:21:9-35
24    <uses-permission android:name="android.permission.INTERNET" />
24-->AndroidManifest.xml:22:5-67
24-->AndroidManifest.xml:22:22-64
25
26    <permission
26-->[androidx.core:core:1.12.0] AndroidManifest.xml:22:5-24:47
27        android:name="com.rojama.pianoshelf.DYNAMIC_RECEIVER_NOT_EXPORTED_PERMISSION"
27-->[androidx.core:core:1.12.0] AndroidManifest.xml:23:9-81
28        android:protectionLevel="signature" />
28-->[androidx.core:core:1.12.0] AndroidManifest.xml:24:9-44
29
30    <uses-permission android:name="com.rojama.pianoshelf.DYNAMIC_RECEIVER_NOT_EXPORTED_PERMISSION" />
30-->[androidx.core:core:1.12.0] AndroidManifest.xml:26:5-97
30-->[androidx.core:core:1.12.0] AndroidManifest.xml:26:22-94
31
32    <application
32-->AndroidManifest.xml:24:5-108:19
33        android:allowBackup="true"
33-->AndroidManifest.xml:25:9-35
34        android:appComponentFactory="androidx.core.app.CoreComponentFactory"
34-->[androidx.core:core:1.12.0] AndroidManifest.xml:28:18-86
35        android:debuggable="true"
36        android:extractNativeLibs="true"
37        android:icon="@drawable/icon"
37-->AndroidManifest.xml:26:9-38
38        android:label="@string/app_name"
38-->AndroidManifest.xml:27:9-41
39        android:supportsRtl="true"
39-->AndroidManifest.xml:28:9-35
40        android:theme="@style/Theme.PianoShelf" >
40-->AndroidManifest.xml:29:9-48
41        <activity
41-->AndroidManifest.xml:31:9-40:20
42            android:name="com.rojama.pianoshelf.PianoShelfActivity"
42-->AndroidManifest.xml:32:13-47
43            android:configChanges="orientation|keyboardHidden|keyboard|screenSize|screenLayout"
43-->AndroidManifest.xml:35:13-96
44            android:exported="true"
44-->AndroidManifest.xml:33:13-36
45            android:label="@string/app_name" >
45-->AndroidManifest.xml:34:13-45
46            <intent-filter>
46-->AndroidManifest.xml:36:13-39:29
47                <action android:name="android.intent.action.MAIN" />
47-->AndroidManifest.xml:37:17-69
47-->AndroidManifest.xml:37:25-66
48
49                <category android:name="android.intent.category.LAUNCHER" />
49-->AndroidManifest.xml:38:17-77
49-->AndroidManifest.xml:38:27-74
50            </intent-filter>
51        </activity>
52        <activity
52-->AndroidManifest.xml:42:9-62:20
53            android:name="com.rojama.pianoshelf.GraphicsActivity"
53-->AndroidManifest.xml:43:13-45
54            android:configChanges="orientation|keyboardHidden|keyboard|screenSize|screenLayout"
54-->AndroidManifest.xml:47:13-96
55            android:exported="true"
55-->AndroidManifest.xml:44:13-36
56            android:label="@string/app_name"
56-->AndroidManifest.xml:45:13-45
57            android:theme="@style/Theme.PianoShelf.Fullscreen" >
57-->AndroidManifest.xml:46:13-63
58            <intent-filter>
58-->AndroidManifest.xml:48:13-61:29
59                <action android:name="android.intent.action.VIEW" />
59-->AndroidManifest.xml:49:17-69
59-->AndroidManifest.xml:49:25-66
60
61                <category android:name="android.intent.category.DEFAULT" />
61-->AndroidManifest.xml:50:17-76
61-->AndroidManifest.xml:50:27-73
62
63                <data android:mimeType="application/vnd.recordare.musicxml" />
63-->AndroidManifest.xml:51:17-79
63-->AndroidManifest.xml:51:23-76
64                <data android:mimeType="application/vnd.recordare.musicxml+xml" />
64-->AndroidManifest.xml:51:17-79
64-->AndroidManifest.xml:51:23-76
65                <data android:mimeType="application/x-zip-compressed" />
65-->AndroidManifest.xml:51:17-79
65-->AndroidManifest.xml:51:23-76
66                <data android:mimeType="text/xml" />
66-->AndroidManifest.xml:51:17-79
66-->AndroidManifest.xml:51:23-76
67                <data android:mimeType="application/xml" />
67-->AndroidManifest.xml:51:17-79
67-->AndroidManifest.xml:51:23-76
68                <!-- Also accept when opened by path suffix via a file explorer -->
69                <data android:scheme="file" />
69-->AndroidManifest.xml:51:17-79
69-->AndroidManifest.xml:57:23-44
70                <data android:scheme="content" />
70-->AndroidManifest.xml:51:17-79
70-->AndroidManifest.xml:57:23-44
71                <data android:pathPattern=".*\.xml" />
71-->AndroidManifest.xml:51:17-79
71-->AndroidManifest.xml:59:23-52
72                <data android:pathPattern=".*\.mxl" />
72-->AndroidManifest.xml:51:17-79
72-->AndroidManifest.xml:59:23-52
73            </intent-filter>
74        </activity>
75        <activity
75-->AndroidManifest.xml:64:9-68:64
76            android:name="com.rojama.pianoshelf.AppPreferenceActivity"
76-->AndroidManifest.xml:65:13-50
77            android:exported="false"
77-->AndroidManifest.xml:66:13-37
78            android:label="@string/per_display"
78-->AndroidManifest.xml:67:13-48
79            android:theme="@style/Theme.PianoShelf.Settings" />
79-->AndroidManifest.xml:68:13-61
80
81        <!-- 在线乐谱下载页面：URL 输入 + 推荐平台 + 下载进度 -->
82        <activity
82-->AndroidManifest.xml:71:9-76:99
83            android:name="com.rojama.pianoshelf.OnlineScoreActivity"
83-->AndroidManifest.xml:72:13-48
84            android:configChanges="orientation|keyboardHidden|keyboard|screenSize|screenLayout"
84-->AndroidManifest.xml:76:13-96
85            android:exported="false"
85-->AndroidManifest.xml:73:13-37
86            android:label="@string/tab_online"
86-->AndroidManifest.xml:74:13-47
87            android:theme="@style/Theme.PianoShelf.Settings" />
87-->AndroidManifest.xml:75:13-61
88
89        <!-- Mutopia 应用内分类目录浏览（作曲家/乐器/风格 3 维度 → 作品 → 下载） -->
90        <activity
90-->AndroidManifest.xml:79:9-84:99
91            android:name="com.rojama.pianoshelf.InAppBrowseActivity"
91-->AndroidManifest.xml:80:13-48
92            android:configChanges="orientation|keyboardHidden|keyboard|screenSize|screenLayout"
92-->AndroidManifest.xml:84:13-96
93            android:exported="false"
93-->AndroidManifest.xml:81:13-37
94            android:label="@string/browse_title"
94-->AndroidManifest.xml:82:13-49
95            android:theme="@style/Theme.PianoShelf.Settings" />
95-->AndroidManifest.xml:83:13-61
96
97        <!-- 平台内置 WebView 浏览器：IMSLP / MuseScore / OpenScore 等，拦截 MusicXML 下载 -->
98        <activity
98-->AndroidManifest.xml:87:9-92:99
99            android:name="com.rojama.pianoshelf.PlatformWebViewActivity"
99-->AndroidManifest.xml:88:13-52
100            android:configChanges="orientation|keyboardHidden|keyboard|screenSize|screenLayout"
100-->AndroidManifest.xml:92:13-96
101            android:exported="false"
101-->AndroidManifest.xml:89:13-37
102            android:label="@string/webview_default_title"
102-->AndroidManifest.xml:90:13-58
103            android:theme="@style/Theme.PianoShelf.Settings" />
103-->AndroidManifest.xml:91:13-61
104
105        <!--
106            FileProvider: exposes specific files (e.g. external storage .xml/.mxl)
107            to GraphicsActivity as content:// URIs (avoids FileUriExposedException
108            on Android 7.0 Nougat and above).
109        -->
110        <provider
110-->AndroidManifest.xml:99:9-107:20
111            android:name="androidx.core.content.FileProvider"
111-->AndroidManifest.xml:100:13-62
112            android:authorities="com.rojama.pianoshelf.fileprovider"
112-->AndroidManifest.xml:101:13-69
113            android:exported="false"
113-->AndroidManifest.xml:102:13-37
114            android:grantUriPermissions="true" >
114-->AndroidManifest.xml:103:13-47
115            <meta-data
115-->AndroidManifest.xml:104:13-106:54
116                android:name="android.support.FILE_PROVIDER_PATHS"
116-->AndroidManifest.xml:105:17-67
117                android:resource="@xml/file_paths" />
117-->AndroidManifest.xml:106:17-51
118        </provider>
119        <provider
119-->[androidx.emoji2:emoji2:1.2.0] AndroidManifest.xml:24:9-32:20
120            android:name="androidx.startup.InitializationProvider"
120-->[androidx.emoji2:emoji2:1.2.0] AndroidManifest.xml:25:13-67
121            android:authorities="com.rojama.pianoshelf.androidx-startup"
121-->[androidx.emoji2:emoji2:1.2.0] AndroidManifest.xml:26:13-68
122            android:exported="false" >
122-->[androidx.emoji2:emoji2:1.2.0] AndroidManifest.xml:27:13-37
123            <meta-data
123-->[androidx.emoji2:emoji2:1.2.0] AndroidManifest.xml:29:13-31:52
124                android:name="androidx.emoji2.text.EmojiCompatInitializer"
124-->[androidx.emoji2:emoji2:1.2.0] AndroidManifest.xml:30:17-75
125                android:value="androidx.startup" />
125-->[androidx.emoji2:emoji2:1.2.0] AndroidManifest.xml:31:17-49
126            <meta-data
126-->[androidx.lifecycle:lifecycle-process:2.6.1] AndroidManifest.xml:29:13-31:52
127                android:name="androidx.lifecycle.ProcessLifecycleInitializer"
127-->[androidx.lifecycle:lifecycle-process:2.6.1] AndroidManifest.xml:30:17-78
128                android:value="androidx.startup" />
128-->[androidx.lifecycle:lifecycle-process:2.6.1] AndroidManifest.xml:31:17-49
129            <meta-data
129-->[androidx.profileinstaller:profileinstaller:1.3.0] AndroidManifest.xml:29:13-31:52
130                android:name="androidx.profileinstaller.ProfileInstallerInitializer"
130-->[androidx.profileinstaller:profileinstaller:1.3.0] AndroidManifest.xml:30:17-85
131                android:value="androidx.startup" />
131-->[androidx.profileinstaller:profileinstaller:1.3.0] AndroidManifest.xml:31:17-49
132        </provider>
133
134        <uses-library
134-->[androidx.window:window:1.0.0] AndroidManifest.xml:25:9-27:40
135            android:name="androidx.window.extensions"
135-->[androidx.window:window:1.0.0] AndroidManifest.xml:26:13-54
136            android:required="false" />
136-->[androidx.window:window:1.0.0] AndroidManifest.xml:27:13-37
137        <uses-library
137-->[androidx.window:window:1.0.0] AndroidManifest.xml:28:9-30:40
138            android:name="androidx.window.sidecar"
138-->[androidx.window:window:1.0.0] AndroidManifest.xml:29:13-51
139            android:required="false" />
139-->[androidx.window:window:1.0.0] AndroidManifest.xml:30:13-37
140
141        <receiver
141-->[androidx.profileinstaller:profileinstaller:1.3.0] AndroidManifest.xml:34:9-52:20
142            android:name="androidx.profileinstaller.ProfileInstallReceiver"
142-->[androidx.profileinstaller:profileinstaller:1.3.0] AndroidManifest.xml:35:13-76
143            android:directBootAware="false"
143-->[androidx.profileinstaller:profileinstaller:1.3.0] AndroidManifest.xml:36:13-44
144            android:enabled="true"
144-->[androidx.profileinstaller:profileinstaller:1.3.0] AndroidManifest.xml:37:13-35
145            android:exported="true"
145-->[androidx.profileinstaller:profileinstaller:1.3.0] AndroidManifest.xml:38:13-36
146            android:permission="android.permission.DUMP" >
146-->[androidx.profileinstaller:profileinstaller:1.3.0] AndroidManifest.xml:39:13-57
147            <intent-filter>
147-->[androidx.profileinstaller:profileinstaller:1.3.0] AndroidManifest.xml:40:13-42:29
148                <action android:name="androidx.profileinstaller.action.INSTALL_PROFILE" />
148-->[androidx.profileinstaller:profileinstaller:1.3.0] AndroidManifest.xml:41:17-91
148-->[androidx.profileinstaller:profileinstaller:1.3.0] AndroidManifest.xml:41:25-88
149            </intent-filter>
150            <intent-filter>
150-->[androidx.profileinstaller:profileinstaller:1.3.0] AndroidManifest.xml:43:13-45:29
151                <action android:name="androidx.profileinstaller.action.SKIP_FILE" />
151-->[androidx.profileinstaller:profileinstaller:1.3.0] AndroidManifest.xml:44:17-85
151-->[androidx.profileinstaller:profileinstaller:1.3.0] AndroidManifest.xml:44:25-82
152            </intent-filter>
153            <intent-filter>
153-->[androidx.profileinstaller:profileinstaller:1.3.0] AndroidManifest.xml:46:13-48:29
154                <action android:name="androidx.profileinstaller.action.SAVE_PROFILE" />
154-->[androidx.profileinstaller:profileinstaller:1.3.0] AndroidManifest.xml:47:17-88
154-->[androidx.profileinstaller:profileinstaller:1.3.0] AndroidManifest.xml:47:25-85
155            </intent-filter>
156            <intent-filter>
156-->[androidx.profileinstaller:profileinstaller:1.3.0] AndroidManifest.xml:49:13-51:29
157                <action android:name="androidx.profileinstaller.action.BENCHMARK_OPERATION" />
157-->[androidx.profileinstaller:profileinstaller:1.3.0] AndroidManifest.xml:50:17-95
157-->[androidx.profileinstaller:profileinstaller:1.3.0] AndroidManifest.xml:50:25-92
158            </intent-filter>
159        </receiver>
160    </application>
161
162</manifest>